<!doctype html>
<html lang="">
<head>
    <meta charset="UTF-8">
    <meta name="viewport"
          content="width=device-width, user-scalable=no, initial-scale=1.0, maximum-scale=1.0, minimum-scale=1.0">
    <meta http-equiv="X-UA-Compatible" content="ie=edge">
    <title>Test Results Report - Default test</title>

    <link href="reportng.css" rel="stylesheet" type="text/css"/>
</head>
<body>
<div id="meta">
Generated by <a href="http://www.testng.org" target="_blank">TestNG</a> with <a href="https://github.com/testng-team/reportng" target="_blank">ReportNG</a>
at 17:14 IST on Tuesday 22 September 2020
    <br/><span
    id="systemInfo">Dell@DESKTOP-FSSFIQL&nbsp;/&nbsp;Java 1.8.0_241 (Oracle Corporation)&nbsp;/&nbsp;Windows 10 10.0 (amd64)</span>
</div>
<h1>Default test</h1>

<p>
    <a href="index.html">Suites</a>
        &#183; <a href="output.html">Log Output</a>
</p>

<p>Test duration
    : 5.292s</p>

    <table class="resultsTable configTable">
        <tr>
            <th class="header failedConfig"
                colspan="3">Failed Configuration</th>
        </tr>
            <tr class="group">
                <td colspan="3">com.extramarks_website_testcases.StudentNotesTest</td>
            </tr>
    <tr>
        <td class="method">
                setUp
        </td>
        <td class="duration">
            0.000s
        </td>
        <td class="result">
            <!-- Display the dependencies for skipped test methods -->


            <!-- Show logger output for the test -->

                <a href="javascript:toggleElement('exception-0', 'block')"
                   title="Click to expand/collapse">
                    <b>org.testng.TestNGException: <br/>
Parameter &apos;config&apos; is required by BeforeMethod on method setUp but has not been marked @Optional or defined<br/>
in C:\Users\Dell\AppData\Local\Temp\testng-eclipse--1700487329\testng-customsuite.xml</b>
                </a>
                <br/>
                <div class="stackTrace" id="exception-0">
                        org.testng.internal.Parameters.createParameters(Parameters.java:199)<br/>
                        org.testng.internal.Parameters.createParameters(Parameters.java:443)<br/>
                        org.testng.internal.Parameters.createConfigurationParameters(Parameters.java:118)<br/>
                        org.testng.internal.Invoker.invokeConfigurations(Invoker.java:206)<br/>
                        org.testng.internal.Invoker.invokeMethod(Invoker.java:599)<br/>
                        org.testng.internal.Invoker.invokeTestMethod(Invoker.java:869)<br/>
                        org.testng.internal.Invoker.invokeTestMethods(Invoker.java:1193)<br/>
                        org.testng.internal.TestMethodWorker.invokeTestMethods(TestMethodWorker.java:126)<br/>
                        org.testng.internal.TestMethodWorker.run(TestMethodWorker.java:109)<br/>
                        org.testng.TestRunner.privateRun(TestRunner.java:744)<br/>
                        org.testng.TestRunner.run(TestRunner.java:602)<br/>
                        org.testng.SuiteRunner.runTest(SuiteRunner.java:380)<br/>
                        org.testng.SuiteRunner.runSequentially(SuiteRunner.java:375)<br/>
                        org.testng.SuiteRunner.privateRun(SuiteRunner.java:340)<br/>
                        org.testng.SuiteRunner.run(SuiteRunner.java:289)<br/>
                        org.testng.SuiteRunnerWorker.runSuite(SuiteRunnerWorker.java:52)<br/>
                        org.testng.SuiteRunnerWorker.run(SuiteRunnerWorker.java:86)<br/>
                        org.testng.TestNG.runSuitesSequentially(TestNG.java:1301)<br/>
                        org.testng.TestNG.runSuitesLocally(TestNG.java:1226)<br/>
                        org.testng.TestNG.runSuites(TestNG.java:1144)<br/>
                        org.testng.TestNG.run(TestNG.java:1115)<br/>
                        org.testng.remote.AbstractRemoteTestNG.run(AbstractRemoteTestNG.java:115)<br/>
                        org.testng.remote.RemoteTestNG.initAndRun(RemoteTestNG.java:251)<br/>
                        org.testng.remote.RemoteTestNG.main(RemoteTestNG.java:77)<br/>
                </div>
        </td>
    </tr>
    <tr>
        <td class="method">
                setUp
        </td>
        <td class="duration">
            0.000s
        </td>
        <td class="result">
            <!-- Display the dependencies for skipped test methods -->


            <!-- Show logger output for the test -->

                <a href="javascript:toggleElement('exception-1', 'block')"
                   title="Click to expand/collapse">
                    <b>org.testng.TestNGException: <br/>
Parameter &apos;config&apos; is required by BeforeMethod on method setUp but has not been marked @Optional or defined<br/>
in C:\Users\Dell\AppData\Local\Temp\testng-eclipse--1700487329\testng-customsuite.xml</b>
                </a>
                <br/>
                <div class="stackTrace" id="exception-1">
                        org.testng.internal.Parameters.createParameters(Parameters.java:199)<br/>
                        org.testng.internal.Parameters.createParameters(Parameters.java:443)<br/>
                        org.testng.internal.Parameters.createConfigurationParameters(Parameters.java:118)<br/>
                        org.testng.internal.Invoker.invokeConfigurations(Invoker.java:206)<br/>
                        org.testng.internal.Invoker.invokeMethod(Invoker.java:599)<br/>
                        org.testng.internal.Invoker.invokeTestMethod(Invoker.java:869)<br/>
                        org.testng.internal.Invoker.invokeTestMethods(Invoker.java:1193)<br/>
                        org.testng.internal.TestMethodWorker.invokeTestMethods(TestMethodWorker.java:126)<br/>
                        org.testng.internal.TestMethodWorker.run(TestMethodWorker.java:109)<br/>
                        org.testng.TestRunner.privateRun(TestRunner.java:744)<br/>
                        org.testng.TestRunner.run(TestRunner.java:602)<br/>
                        org.testng.SuiteRunner.runTest(SuiteRunner.java:380)<br/>
                        org.testng.SuiteRunner.runSequentially(SuiteRunner.java:375)<br/>
                        org.testng.SuiteRunner.privateRun(SuiteRunner.java:340)<br/>
                        org.testng.SuiteRunner.run(SuiteRunner.java:289)<br/>
                        org.testng.SuiteRunnerWorker.runSuite(SuiteRunnerWorker.java:52)<br/>
                        org.testng.SuiteRunnerWorker.run(SuiteRunnerWorker.java:86)<br/>
                        org.testng.TestNG.runSuitesSequentially(TestNG.java:1301)<br/>
                        org.testng.TestNG.runSuitesLocally(TestNG.java:1226)<br/>
                        org.testng.TestNG.runSuites(TestNG.java:1144)<br/>
                        org.testng.TestNG.run(TestNG.java:1115)<br/>
                        org.testng.remote.AbstractRemoteTestNG.run(AbstractRemoteTestNG.java:115)<br/>
                        org.testng.remote.RemoteTestNG.initAndRun(RemoteTestNG.java:251)<br/>
                        org.testng.remote.RemoteTestNG.main(RemoteTestNG.java:77)<br/>
                </div>
        </td>
    </tr>
    <tr>
        <td class="method">
                setUp
        </td>
        <td class="duration">
            0.000s
        </td>
        <td class="result">
            <!-- Display the dependencies for skipped test methods -->


            <!-- Show logger output for the test -->

                <a href="javascript:toggleElement('exception-2', 'block')"
                   title="Click to expand/collapse">
                    <b>org.testng.TestNGException: <br/>
Parameter &apos;config&apos; is required by BeforeMethod on method setUp but has not been marked @Optional or defined<br/>
in C:\Users\Dell\AppData\Local\Temp\testng-eclipse--1700487329\testng-customsuite.xml</b>
                </a>
                <br/>
                <div class="stackTrace" id="exception-2">
                        org.testng.internal.Parameters.createParameters(Parameters.java:199)<br/>
                        org.testng.internal.Parameters.createParameters(Parameters.java:443)<br/>
                        org.testng.internal.Parameters.createConfigurationParameters(Parameters.java:118)<br/>
                        org.testng.internal.Invoker.invokeConfigurations(Invoker.java:206)<br/>
                        org.testng.internal.Invoker.invokeMethod(Invoker.java:599)<br/>
                        org.testng.internal.Invoker.invokeTestMethod(Invoker.java:869)<br/>
                        org.testng.internal.Invoker.invokeTestMethods(Invoker.java:1193)<br/>
                        org.testng.internal.TestMethodWorker.invokeTestMethods(TestMethodWorker.java:126)<br/>
                        org.testng.internal.TestMethodWorker.run(TestMethodWorker.java:109)<br/>
                        org.testng.TestRunner.privateRun(TestRunner.java:744)<br/>
                        org.testng.TestRunner.run(TestRunner.java:602)<br/>
                        org.testng.SuiteRunner.runTest(SuiteRunner.java:380)<br/>
                        org.testng.SuiteRunner.runSequentially(SuiteRunner.java:375)<br/>
                        org.testng.SuiteRunner.privateRun(SuiteRunner.java:340)<br/>
                        org.testng.SuiteRunner.run(SuiteRunner.java:289)<br/>
                        org.testng.SuiteRunnerWorker.runSuite(SuiteRunnerWorker.java:52)<br/>
                        org.testng.SuiteRunnerWorker.run(SuiteRunnerWorker.java:86)<br/>
                        org.testng.TestNG.runSuitesSequentially(TestNG.java:1301)<br/>
                        org.testng.TestNG.runSuitesLocally(TestNG.java:1226)<br/>
                        org.testng.TestNG.runSuites(TestNG.java:1144)<br/>
                        org.testng.TestNG.run(TestNG.java:1115)<br/>
                        org.testng.remote.AbstractRemoteTestNG.run(AbstractRemoteTestNG.java:115)<br/>
                        org.testng.remote.RemoteTestNG.initAndRun(RemoteTestNG.java:251)<br/>
                        org.testng.remote.RemoteTestNG.main(RemoteTestNG.java:77)<br/>
                </div>
        </td>
    </tr>
    <tr>
        <td class="method">
                setUp
        </td>
        <td class="duration">
            0.000s
        </td>
        <td class="result">
            <!-- Display the dependencies for skipped test methods -->


            <!-- Show logger output for the test -->

                <a href="javascript:toggleElement('exception-3', 'block')"
                   title="Click to expand/collapse">
                    <b>org.testng.TestNGException: <br/>
Parameter &apos;config&apos; is required by BeforeMethod on method setUp but has not been marked @Optional or defined<br/>
in C:\Users\Dell\AppData\Local\Temp\testng-eclipse--1700487329\testng-customsuite.xml</b>
                </a>
                <br/>
                <div class="stackTrace" id="exception-3">
                        org.testng.internal.Parameters.createParameters(Parameters.java:199)<br/>
                        org.testng.internal.Parameters.createParameters(Parameters.java:443)<br/>
                        org.testng.internal.Parameters.createConfigurationParameters(Parameters.java:118)<br/>
                        org.testng.internal.Invoker.invokeConfigurations(Invoker.java:206)<br/>
                        org.testng.internal.Invoker.invokeMethod(Invoker.java:599)<br/>
                        org.testng.internal.Invoker.invokeTestMethod(Invoker.java:869)<br/>
                        org.testng.internal.Invoker.invokeTestMethods(Invoker.java:1193)<br/>
                        org.testng.internal.TestMethodWorker.invokeTestMethods(TestMethodWorker.java:126)<br/>
                        org.testng.internal.TestMethodWorker.run(TestMethodWorker.java:109)<br/>
                        org.testng.TestRunner.privateRun(TestRunner.java:744)<br/>
                        org.testng.TestRunner.run(TestRunner.java:602)<br/>
                        org.testng.SuiteRunner.runTest(SuiteRunner.java:380)<br/>
                        org.testng.SuiteRunner.runSequentially(SuiteRunner.java:375)<br/>
                        org.testng.SuiteRunner.privateRun(SuiteRunner.java:340)<br/>
                        org.testng.SuiteRunner.run(SuiteRunner.java:289)<br/>
                        org.testng.SuiteRunnerWorker.runSuite(SuiteRunnerWorker.java:52)<br/>
                        org.testng.SuiteRunnerWorker.run(SuiteRunnerWorker.java:86)<br/>
                        org.testng.TestNG.runSuitesSequentially(TestNG.java:1301)<br/>
                        org.testng.TestNG.runSuitesLocally(TestNG.java:1226)<br/>
                        org.testng.TestNG.runSuites(TestNG.java:1144)<br/>
                        org.testng.TestNG.run(TestNG.java:1115)<br/>
                        org.testng.remote.AbstractRemoteTestNG.run(AbstractRemoteTestNG.java:115)<br/>
                        org.testng.remote.RemoteTestNG.initAndRun(RemoteTestNG.java:251)<br/>
                        org.testng.remote.RemoteTestNG.main(RemoteTestNG.java:77)<br/>
                </div>
        </td>
    </tr>

            <tr>
                <td colspan="3">&nbsp;</td>
            </tr>
            <tr>
                <td colspan="3"
                    class="header skippedConfig">Skipped Configuration</td>
            </tr>
                <tr class="group">
                    <td colspan="3">com.extramarks_website_testcases.StudentNotesTest</td>
                </tr>
    <tr>
        <td class="method">
                tearDown
        </td>
        <td class="duration">
            0.000s
        </td>
        <td class="result">
            <!-- Display the dependencies for skipped test methods -->




            <!-- Show logger output for the test -->

        </td>
    </tr>
    </table>


    <table class="resultsTable" width="100%">
        <tr>
            <th colspan="3" class="header skipped">Skipped Tests</th>
        </tr>
            <tr>
                <td class="group" colspan="3">com.extramarks_website_testcases.StudentNotesTest</td>
            </tr>
    <tr>
        <td class="method">
                <span class="description" title="Verifying Student is allowed to send notes">
                    studentAddNotes
                </span>
        </td>
        <td class="duration">
            0.001s
        </td>
        <td class="result">
            <!-- Display the dependencies for skipped test methods -->




            <!-- Show logger output for the test -->

        </td>
    </tr>
    <tr>
        <td class="method">
                <span class="description" title="Verifying student is allowed to delete notes">
                    studentDeleteNotes
                </span>
        </td>
        <td class="duration">
            0.000s
        </td>
        <td class="result">
            <!-- Display the dependencies for skipped test methods -->




            <!-- Show logger output for the test -->

        </td>
    </tr>
    <tr>
        <td class="method">
                <span class="description" title="Verifying user is allowed to update notes">
                    studentEditNotes
                </span>
        </td>
        <td class="duration">
            0.000s
        </td>
        <td class="result">
            <!-- Display the dependencies for skipped test methods -->




            <!-- Show logger output for the test -->

        </td>
    </tr>
    <tr>
        <td class="method">
                <span class="description" title="Verifying Student is allowed to share notes">
                    studentShareNotes
                </span>
        </td>
        <td class="duration">
            0.000s
        </td>
        <td class="result">
            <!-- Display the dependencies for skipped test methods -->




            <!-- Show logger output for the test -->

        </td>
    </tr>
    </table>


<script type="text/javascript" src="reportng.js"></script>
</body>
